=========================
FCITX 4.2.9.5 -- Get Signal No.: 11
Date: try "date -d @1574770929" if you are using GNU date ***
ProcessID: 1194
fcitx(+0x1945)[0x5607fc3fe945]
/lib64/libc.so.6(+0x3a280)[0x7f9df13cd280]
/usr/lib/gcc/x86_64-pc-linux-gnu/9.2.0/libstdc++.so.6(_ZNKSt7__cxx1112basic_stringIcSt11char_traitsIcESaIcEE4findEcm+0xe)[0x7f9df06ab4ce]
/usr/lib64/librime.so.1(_ZN4rime8Language22get_language_componentERKNSt7__cxx1112basic_stringIcSt11char_traitsIcESaIcEEE+0x2f)[0x7f9ded8c5c9f]
/usr/lib64/librime.so.1(_ZN4rime6MemoryC1ERKNS_6TicketE+0xda0)[0x7f9ded975ff0]
/usr/lib64/librime.so.1(_ZN4rime16ScriptTranslatorC1ERKNS_6TicketE+0x6f)[0x7f9ded98e8bf]
/usr/lib64/librime.so.1(_ZN4rime9ComponentINS_16ScriptTranslatorEE6CreateERKNS_6TicketE+0x22)[0x7f9ded96fa32]
/usr/lib64/librime.so.1(_ZN4rime14ConcreteEngine20InitializeComponentsEv+0xb62)[0x7f9ded8b62f2]
/usr/lib64/librime.so.1(_ZN4rime14ConcreteEngineC2Ev+0x729)[0x7f9ded8b96c9]
/usr/lib64/librime.so.1(_ZN4rime6Engine6CreateEv+0x1c)[0x7f9ded8b995c]
/usr/lib64/librime.so.1(_ZN4rime7SessionC1Ev+0x54)[0x7f9ded8ce0c4]
/usr/lib64/librime.so.1(_ZN4rime7Service13CreateSessionEv+0x96)[0x7f9ded8cf196]
/usr/lib64/fcitx/fcitx-rime.so(+0x3029)[0x7f9dee2dc029]
/usr/lib64/fcitx/fcitx-rime.so(+0x321e)[0x7f9dee2dc21e]
/usr/lib64/libfcitx-core.so.0(+0x13e10)[0x7f9df15c8e10]
/usr/lib64/libfcitx-core.so.0(+0x140fc)[0x7f9df15c90fc]
/usr/lib64/libfcitx-core.so.0(+0x1456d)[0x7f9df15c956d]
/usr/lib64/libfcitx-core.so.0(FcitxInstanceProcessKey+0x74b)[0x7f9df15ca44b]
/usr/lib64/fcitx/fcitx-ipc.so(+0x62a5)[0x7f9deda992a5]
/usr/lib64/libdbus-1.so.3(+0x2302d)[0x7f9df0bcf02d]
/usr/lib64/libdbus-1.so.3(dbus_connection_dispatch+0x314)[0x7f9df0bc31a4]
/usr/lib64/fcitx/fcitx-dbus.so(+0x28b8)[0x7f9df15ed8b8]
/usr/lib64/fcitx/fcitx-dbus.so(+0x29d1)[0x7f9df15ed9d1]
/usr/lib64/libfcitx-core.so.0(+0xa37a)[0x7f9df15bf37a]
/usr/lib64/libfcitx-core.so.0(FcitxInstanceRun+0x57)[0x7f9df15bfb27]
fcitx(+0x12bf)[0x5607fc3fe2bf]
/lib64/libc.so.6(__libc_start_main+0xeb)[0x7f9df13b6e8b]
fcitx(+0x133a)[0x5607fc3fe33a]
